<?xml version="1.0" encoding="UTF-8" ?>
<testsuite tests="2" failures="0" name="com.wakaleo.gameoflife.webtests.controllers.WhenSpawningANewGeneration" time="0.037" errors="0" skipped="0">
  <properties>
[...]
</properties>
  <testcase classname="com.wakaleo.gameoflife.webtests.controllers.WhenSpawningANewGeneration" name="theIndexUrlShouldDisplayTheHomePage" time="0.002"/>
  <testcase classname="com.wakaleo.gameoflife.webtests.controllers.WhenSpawningANewGeneration" name="whenGeneratingTheNextGenerationAnUpdatedUniverseShouldBeProduced" time="0.035"/>
</testsuite>